<?xml version="1.0" encoding="UTF-8"?>
<testsuite xmlns:xsi="http://www.w3.org/2001/XMLSchema-instance" xsi:noNamespaceSchemaLocation="https://maven.apache.org/surefire/maven-surefire-plugin/xsd/surefire-test-report.xsd" name="org.eclipse.mosaic.fed.application.ambassador.navigation.RoadPositionFactoryTest" time="0.436" tests="6" errors="0" skipped="0" failures="0">
  <properties>
[...]
</properties>
  <testcase name="createAlongRoute_onSameEdgeAsVehicle_firstEdgeOfRoute" classname="org.eclipse.mosaic.fed.application.ambassador.navigation.RoadPositionFactoryTest" time="0.41"/>
  <testcase name="createFromSumoEdge_validEdgeId" classname="org.eclipse.mosaic.fed.application.ambassador.navigation.RoadPositionFactoryTest" time="0.004"/>
  <testcase name="createAlongRoute_farAwayOnLastEdge" classname="org.eclipse.mosaic.fed.application.ambassador.navigation.RoadPositionFactoryTest" time="0.004"/>
  <testcase name="createAlongRoute_onNextEdge" classname="org.eclipse.mosaic.fed.application.ambassador.navigation.RoadPositionFactoryTest" time="0.004"/>
  <testcase name="createAlongRoute_onSameEdgeAsVehicle_thirdEdgeOfRoute" classname="org.eclipse.mosaic.fed.application.ambassador.navigation.RoadPositionFactoryTest" time="0.005"/>
  <testcase name="createAlongRoute_exceedingRouteLength_returnLastEdge" classname="org.eclipse.mosaic.fed.application.ambassador.navigation.RoadPositionFactoryTest" time="0.005"/>
</testsuite>