<?xml version="1.0" encoding="UTF-8"?>
<testsuite xmlns:xsi="http://www.w3.org/2001/XMLSchema-instance" xsi:noNamespaceSchemaLocation="https://maven.apache.org/surefire/maven-surefire-plugin/xsd/surefire-test-report.xsd" name="org.eclipse.mosaic.lib.docker.DockerClientTest" time="2.35" tests="12" errors="0" skipped="0" failures="0">
  <properties>
[...]
</properties>
  <testcase name="run_removeAfterRun" classname="org.eclipse.mosaic.lib.docker.DockerClientTest" time="0.327"/>
  <testcase name="run_noPortBinding_readPortsFromDocker" classname="org.eclipse.mosaic.lib.docker.DockerClientTest" time="0.076"/>
  <testcase name="killContainer_doNotRemove" classname="org.eclipse.mosaic.lib.docker.DockerClientTest" time="0.069"/>
  <testcase name="user_explicit" classname="org.eclipse.mosaic.lib.docker.DockerClientTest" time="0.068"/>
  <testcase name="close_noContainersRunning" classname="org.eclipse.mosaic.lib.docker.DockerClientTest" time="0.005"/>
  <testcase name="close_twoContainersRunning" classname="org.eclipse.mosaic.lib.docker.DockerClientTest" time="0.094"/>
  <testcase name="run_removeBeforeRun" classname="org.eclipse.mosaic.lib.docker.DockerClientTest" time="0.068"/>
  <testcase name="run_declarePortBinding" classname="org.eclipse.mosaic.lib.docker.DockerClientTest" time="0.077"/>
  <testcase name="user_auto" classname="org.eclipse.mosaic.lib.docker.DockerClientTest" time="0.07"/>
  <testcase name="run_declareVolumeBinding" classname="org.eclipse.mosaic.lib.docker.DockerClientTest" time="0.069"/>
  <testcase name="killContainer_doRemove" classname="org.eclipse.mosaic.lib.docker.DockerClientTest" time="0.07"/>
  <testcase name="run_timeoutDockerStatus" classname="org.eclipse.mosaic.lib.docker.DockerClientTest" time="0.528"/>
</testsuite>